<?xml version="1.0" encoding="UTF-8"?>
<!-- Generated by org.testng.reporters.JUnitReportReporter -->
<testsuite skipped="5" hostname="DESKTOP-1MUTQRP" name="Twitter.Submission.AutomateTCs" tests="6" failures="0" timestamp="2021-03-14T21:12:54 EET" time="47.806" errors="0">
  <testcase name="upload5images" time="47.806" classname="Twitter.Submission.AutomateTCs"/>
  <system-out/>
  <testcase name="upload4images" classname="Twitter.Submission.AutomateTCs">
    <skipped/>
  </testcase> <!-- upload4images -->
  <system-out/>
  <testcase name="tweet281char" classname="Twitter.Submission.AutomateTCs">
    <skipped/>
  </testcase> <!-- tweet281char -->
  <system-out/>
  <testcase name="tweet280char" classname="Twitter.Submission.AutomateTCs">
    <skipped/>
  </testcase> <!-- tweet280char -->
  <system-out/>
  <testcase name="CreatePoll" classname="Twitter.Submission.AutomateTCs">
    <skipped/>
  </testcase> <!-- CreatePoll -->
  <system-out/>
  <testcase name="SameTweet" classname="Twitter.Submission.AutomateTCs">
    <skipped/>
  </testcase> <!-- SameTweet -->
  <system-out/>
</testsuite> <!-- Twitter.Submission.AutomateTCs -->
